{"devicePlatform":"","logFolder":"C:\\Users\\Gregs Lap\\Katalon Studio\\git\\KatalonGitRepo1\\Reports\\New Test Suite1\\20180517_111326","runData":{"hostName":"GREGSLAP-PC$ - GregsLap-PC.attlocal.net","hostAddress":"192.168.1.101","os":"Windows 10 64bit","katalonVersion":"5.4.1.1"},"type":"TEST_SUITE","name":"New Test Suite1","id":"Test Suites/New Test Suite1","source":"","message":"Test Cases/Test 1 by Tom FAILED because (of) org.codehaus.groovy.control.MultipleCompilationErrorsException: startup failed:\r\nfile:/C:/Users/Gregs%20Lap/Katalon%20Studio/git/KatalonGitRepo1/Scripts/Test%201%20by%20Tom/Script1526394813336.groovy: 20: unable to resolve class internal.GlobalVariable\n @ line 20, column 1.\r\n   import internal.GlobalVariable as GlobalVariable\r\n   ^\r\n\r\n1 error\r\n","description":"","startTime":1526573612298,"endTime":1526573614257,"childRecords":[{"isOptional":false,"type":"TEST_CASE","name":"Test Cases/Test 1 by Tom","id":"Test Cases/Test 1 by Tom","source":"C:\\\\Users\\\\Gregs Lap\\\\Katalon Studio\\\\git\\\\KatalonGitRepo1\\\\Test Cases\\\\Test 1 by Tom.tc","message":"Test Cases/Test 1 by Tom FAILED because (of) org.codehaus.groovy.control.MultipleCompilationErrorsException: startup failed:\r\nfile:/C:/Users/Gregs%20Lap/Katalon%20Studio/git/KatalonGitRepo1/Scripts/Test%201%20by%20Tom/Script1526394813336.groovy: 20: unable to resolve class internal.GlobalVariable\n @ line 20, column 1.\r\n   import internal.GlobalVariable as GlobalVariable\r\n   ^\r\n\r\n1 error\r\n","description":"","startTime":1526573613159,"endTime":1526573613832,"childRecords":[{"testStatus":{"stackTrace":"","statusValue":"INFO"},"type":"MESSAGE","name":"","message":"Evaluating variables for test case","startTime":1526573613219,"endTime":0,"childRecords":[],"interuppted":false},{"testStatus":{"stackTrace":"","statusValue":"ERROR"},"type":"MESSAGE","name":"","message":"Test Cases/Test 1 by Tom FAILED because (of) org.codehaus.groovy.control.MultipleCompilationErrorsException: startup failed:\r\nfile:/C:/Users/Gregs%20Lap/Katalon%20Studio/git/KatalonGitRepo1/Scripts/Test%201%20by%20Tom/Script1526394813336.groovy: 20: unable to resolve class internal.GlobalVariable\n @ line 20, column 1.\r\n   import internal.GlobalVariable as GlobalVariable\r\n   ^\r\n\r\n1 error\r\n","startTime":1526573613825,"endTime":0,"childRecords":[],"interuppted":false}],"interuppted":false},{"isOptional":false,"type":"TEST_CASE","name":"Test Cases/Test 2 by Kim","id":"Test Cases/Test 2 by Kim","source":"C:\\\\Users\\\\Gregs Lap\\\\Katalon Studio\\\\git\\\\KatalonGitRepo1\\\\Test Cases\\\\Test 2 by Kim.tc","message":"Test Cases/Test 2 by Kim FAILED because (of) org.codehaus.groovy.control.MultipleCompilationErrorsException: startup failed:\r\nfile:/C:/Users/Gregs%20Lap/Katalon%20Studio/git/KatalonGitRepo1/Scripts/Test%202%20by%20Kim/Script1526400878684.groovy: 20: unable to resolve class internal.GlobalVariable\n @ line 20, column 1.\r\n   import internal.GlobalVariable as GlobalVariable\r\n   ^\r\n\r\n1 error\r\n","description":"","startTime":1526573613861,"endTime":1526573614155,"childRecords":[{"testStatus":{"stackTrace":"","statusValue":"INFO"},"type":"MESSAGE","name":"","message":"Evaluating variables for test case","startTime":1526573613897,"endTime":0,"childRecords":[],"interuppted":false},{"testStatus":{"stackTrace":"","statusValue":"ERROR"},"type":"MESSAGE","name":"","message":"Test Cases/Test 2 by Kim FAILED because (of) org.codehaus.groovy.control.MultipleCompilationErrorsException: startup failed:\r\nfile:/C:/Users/Gregs%20Lap/Katalon%20Studio/git/KatalonGitRepo1/Scripts/Test%202%20by%20Kim/Script1526400878684.groovy: 20: unable to resolve class internal.GlobalVariable\n @ line 20, column 1.\r\n   import internal.GlobalVariable as GlobalVariable\r\n   ^\r\n\r\n1 error\r\n","startTime":1526573614151,"endTime":0,"childRecords":[],"interuppted":false}],"interuppted":false}],"interuppted":false}